2024-09-20 11:55:43,368 INFO o.s.b.StartupInfoLogger [main] Starting BackendApplication using Java 21.0.4 with PID 7966 (/media/nam/Data/codeproj/sgu-chatbot-service/backend/target/classes started by nam in /media/nam/Data/codeproj/sgu-chatbot-service)
2024-09-20 11:55:43,369 INFO o.s.b.SpringApplication [main] No active profile set, falling back to 1 default profile: "default"
2024-09-20 11:55:43,801 INFO o.s.d.r.c.RepositoryConfigurationDelegate [main] Bootstrapping Spring Data MongoDB repositories in DEFAULT mode.
2024-09-20 11:55:43,827 INFO o.s.d.r.c.RepositoryConfigurationDelegate [main] Finished Spring Data repository scanning in 22 ms. Found 1 MongoDB repository interface.
2024-09-20 11:55:44,280 INFO o.s.b.w.e.t.TomcatWebServer [main] Tomcat initialized with port 8080 (http)
2024-09-20 11:55:44,287 INFO o.a.j.l.DirectJDKLog [main] Initializing ProtocolHandler ["http-nio-8080"]
2024-09-20 11:55:44,289 INFO o.a.j.l.DirectJDKLog [main] Starting service [Tomcat]
2024-09-20 11:55:44,289 INFO o.a.j.l.DirectJDKLog [main] Starting Servlet engine: [Apache Tomcat/10.1.28]
2024-09-20 11:55:44,315 INFO o.a.j.l.DirectJDKLog [main] Initializing Spring embedded WebApplicationContext
2024-09-20 11:55:44,315 INFO o.s.b.w.s.c.ServletWebServerApplicationContext [main] Root WebApplicationContext: initialization completed in 909 ms
2024-09-20 11:55:44,409 WARN o.s.c.s.AbstractApplicationContext [main] Exception encountered during context initialization - cancelling refresh attempt: org.springframework.beans.factory.UnsatisfiedDependencyException: Error creating bean with name 'fileUploadController' defined in file [/media/nam/Data/codeproj/sgu-chatbot-service/backend/target/classes/com/sguchatbot/backend/controller/FileUploadController.class]: Unsatisfied dependency expressed through constructor parameter 0: Error creating bean with name 'fileSystemStorageService' defined in file [/media/nam/Data/codeproj/sgu-chatbot-service/backend/target/classes/com/sguchatbot/backend/storage/FileSystemStorageService.class]: Unsatisfied dependency expressed through constructor parameter 0: No qualifying bean of type 'com.sguchatbot.backend.storage.StorageProperties' available: expected at least 1 bean which qualifies as autowire candidate. Dependency annotations: {}
2024-09-20 11:55:44,411 INFO o.a.j.l.DirectJDKLog [main] Stopping service [Tomcat]
2024-09-20 11:55:44,424 INFO o.s.b.a.l.ConditionEvaluationReportLogger [main] 

Error starting ApplicationContext. To display the condition evaluation report re-run your application with 'debug' enabled.
2024-09-20 11:55:44,436 ERROR o.s.b.d.LoggingFailureAnalysisReporter [main] 

***************************
APPLICATION FAILED TO START
***************************

Description:

Parameter 0 of constructor in com.sguchatbot.backend.storage.FileSystemStorageService required a bean of type 'com.sguchatbot.backend.storage.StorageProperties' that could not be found.


Action:

Consider defining a bean of type 'com.sguchatbot.backend.storage.StorageProperties' in your configuration.

2024-09-20 18:01:36,206 INFO o.s.b.StartupInfoLogger [main] Starting BackendApplication using Java 21.0.4 with PID 16427 (/media/nam/Data/codeproj/sgu-chatbot-service/backend/target/classes started by nam in /media/nam/Data/codeproj/sgu-chatbot-service)
2024-09-20 18:01:36,207 INFO o.s.b.SpringApplication [main] No active profile set, falling back to 1 default profile: "default"
2024-09-20 18:01:36,637 INFO o.s.d.r.c.RepositoryConfigurationDelegate [main] Bootstrapping Spring Data MongoDB repositories in DEFAULT mode.
2024-09-20 18:01:36,673 INFO o.s.d.r.c.RepositoryConfigurationDelegate [main] Finished Spring Data repository scanning in 31 ms. Found 1 MongoDB repository interface.
2024-09-20 18:01:37,147 INFO o.s.b.w.e.t.TomcatWebServer [main] Tomcat initialized with port 8080 (http)
2024-09-20 18:01:37,153 INFO o.a.j.l.DirectJDKLog [main] Initializing ProtocolHandler ["http-nio-8080"]
2024-09-20 18:01:37,155 INFO o.a.j.l.DirectJDKLog [main] Starting service [Tomcat]
2024-09-20 18:01:37,155 INFO o.a.j.l.DirectJDKLog [main] Starting Servlet engine: [Apache Tomcat/10.1.28]
2024-09-20 18:01:37,183 INFO o.a.j.l.DirectJDKLog [main] Initializing Spring embedded WebApplicationContext
2024-09-20 18:01:37,183 INFO o.s.b.w.s.c.ServletWebServerApplicationContext [main] Root WebApplicationContext: initialization completed in 942 ms
2024-09-20 18:01:37,282 WARN o.s.c.s.AbstractApplicationContext [main] Exception encountered during context initialization - cancelling refresh attempt: org.springframework.beans.factory.UnsatisfiedDependencyException: Error creating bean with name 'fileUploadController' defined in file [/media/nam/Data/codeproj/sgu-chatbot-service/backend/target/classes/com/sguchatbot/backend/controller/FileUploadController.class]: Unsatisfied dependency expressed through constructor parameter 0: Error creating bean with name 'fileSystemStorageService' defined in file [/media/nam/Data/codeproj/sgu-chatbot-service/backend/target/classes/com/sguchatbot/backend/storage/FileSystemStorageService.class]: Unsatisfied dependency expressed through constructor parameter 0: No qualifying bean of type 'com.sguchatbot.backend.storage.StorageProperties' available: expected at least 1 bean which qualifies as autowire candidate. Dependency annotations: {}
2024-09-20 18:01:37,284 INFO o.a.j.l.DirectJDKLog [main] Stopping service [Tomcat]
2024-09-20 18:01:37,296 INFO o.s.b.a.l.ConditionEvaluationReportLogger [main] 

Error starting ApplicationContext. To display the condition evaluation report re-run your application with 'debug' enabled.
2024-09-20 18:01:37,314 ERROR o.s.b.d.LoggingFailureAnalysisReporter [main] 

***************************
APPLICATION FAILED TO START
***************************

Description:

Parameter 0 of constructor in com.sguchatbot.backend.storage.FileSystemStorageService required a bean of type 'com.sguchatbot.backend.storage.StorageProperties' that could not be found.


Action:

Consider defining a bean of type 'com.sguchatbot.backend.storage.StorageProperties' in your configuration.

2024-09-20 18:02:10,193 INFO o.s.b.StartupInfoLogger [main] Starting BackendApplication using Java 21.0.4 with PID 16609 (/media/nam/Data/codeproj/sgu-chatbot-service/backend/target/classes started by nam in /media/nam/Data/codeproj/sgu-chatbot-service)
2024-09-20 18:02:10,195 INFO o.s.b.SpringApplication [main] No active profile set, falling back to 1 default profile: "default"
2024-09-20 18:02:10,515 INFO o.s.d.r.c.RepositoryConfigurationDelegate [main] Bootstrapping Spring Data MongoDB repositories in DEFAULT mode.
2024-09-20 18:02:10,541 INFO o.s.d.r.c.RepositoryConfigurationDelegate [main] Finished Spring Data repository scanning in 22 ms. Found 1 MongoDB repository interface.
2024-09-20 18:02:10,928 INFO o.s.b.w.e.t.TomcatWebServer [main] Tomcat initialized with port 8080 (http)
2024-09-20 18:02:10,934 INFO o.a.j.l.DirectJDKLog [main] Initializing ProtocolHandler ["http-nio-8080"]
2024-09-20 18:02:10,936 INFO o.a.j.l.DirectJDKLog [main] Starting service [Tomcat]
2024-09-20 18:02:10,936 INFO o.a.j.l.DirectJDKLog [main] Starting Servlet engine: [Apache Tomcat/10.1.28]
2024-09-20 18:02:10,960 INFO o.a.j.l.DirectJDKLog [main] Initializing Spring embedded WebApplicationContext
2024-09-20 18:02:10,960 INFO o.s.b.w.s.c.ServletWebServerApplicationContext [main] Root WebApplicationContext: initialization completed in 737 ms
2024-09-20 18:02:11,049 WARN o.s.c.s.AbstractApplicationContext [main] Exception encountered during context initialization - cancelling refresh attempt: org.springframework.beans.factory.UnsatisfiedDependencyException: Error creating bean with name 'fileUploadController' defined in file [/media/nam/Data/codeproj/sgu-chatbot-service/backend/target/classes/com/sguchatbot/backend/controller/FileUploadController.class]: Unsatisfied dependency expressed through constructor parameter 0: Error creating bean with name 'fileSystemStorageService' defined in file [/media/nam/Data/codeproj/sgu-chatbot-service/backend/target/classes/com/sguchatbot/backend/storage/FileSystemStorageService.class]: Unsatisfied dependency expressed through constructor parameter 0: No qualifying bean of type 'com.sguchatbot.backend.storage.StorageProperties' available: expected at least 1 bean which qualifies as autowire candidate. Dependency annotations: {}
2024-09-20 18:02:11,051 INFO o.a.j.l.DirectJDKLog [main] Stopping service [Tomcat]
2024-09-20 18:02:11,061 INFO o.s.b.a.l.ConditionEvaluationReportLogger [main] 

Error starting ApplicationContext. To display the condition evaluation report re-run your application with 'debug' enabled.
2024-09-20 18:02:11,072 ERROR o.s.b.d.LoggingFailureAnalysisReporter [main] 

***************************
APPLICATION FAILED TO START
***************************

Description:

Parameter 0 of constructor in com.sguchatbot.backend.storage.FileSystemStorageService required a bean of type 'com.sguchatbot.backend.storage.StorageProperties' that could not be found.


Action:

Consider defining a bean of type 'com.sguchatbot.backend.storage.StorageProperties' in your configuration.

2024-09-20 18:02:32,022 INFO o.s.b.StartupInfoLogger [main] Starting BackendApplication using Java 21.0.4 with PID 16740 (/media/nam/Data/codeproj/sgu-chatbot-service/backend/target/classes started by nam in /media/nam/Data/codeproj/sgu-chatbot-service)
2024-09-20 18:02:32,024 INFO o.s.b.SpringApplication [main] No active profile set, falling back to 1 default profile: "default"
2024-09-20 18:02:32,342 INFO o.s.d.r.c.RepositoryConfigurationDelegate [main] Bootstrapping Spring Data MongoDB repositories in DEFAULT mode.
2024-09-20 18:02:32,365 INFO o.s.d.r.c.RepositoryConfigurationDelegate [main] Finished Spring Data repository scanning in 21 ms. Found 1 MongoDB repository interface.
2024-09-20 18:02:32,769 INFO o.s.b.w.e.t.TomcatWebServer [main] Tomcat initialized with port 8080 (http)
2024-09-20 18:02:32,775 INFO o.a.j.l.DirectJDKLog [main] Initializing ProtocolHandler ["http-nio-8080"]
2024-09-20 18:02:32,777 INFO o.a.j.l.DirectJDKLog [main] Starting service [Tomcat]
2024-09-20 18:02:32,778 INFO o.a.j.l.DirectJDKLog [main] Starting Servlet engine: [Apache Tomcat/10.1.28]
2024-09-20 18:02:32,802 INFO o.a.j.l.DirectJDKLog [main] Initializing Spring embedded WebApplicationContext
2024-09-20 18:02:32,802 INFO o.s.b.w.s.c.ServletWebServerApplicationContext [main] Root WebApplicationContext: initialization completed in 752 ms
2024-09-20 18:02:32,911 WARN o.s.c.s.AbstractApplicationContext [main] Exception encountered during context initialization - cancelling refresh attempt: org.springframework.beans.factory.UnsatisfiedDependencyException: Error creating bean with name 'fileUploadController' defined in file [/media/nam/Data/codeproj/sgu-chatbot-service/backend/target/classes/com/sguchatbot/backend/controller/FileUploadController.class]: Unsatisfied dependency expressed through constructor parameter 0: Error creating bean with name 'fileSystemStorageService' defined in file [/media/nam/Data/codeproj/sgu-chatbot-service/backend/target/classes/com/sguchatbot/backend/storage/FileSystemStorageService.class]: Unsatisfied dependency expressed through constructor parameter 0: No qualifying bean of type 'com.sguchatbot.backend.storage.StorageProperties' available: expected at least 1 bean which qualifies as autowire candidate. Dependency annotations: {}
2024-09-20 18:02:32,912 INFO o.a.j.l.DirectJDKLog [main] Stopping service [Tomcat]
2024-09-20 18:02:32,923 INFO o.s.b.a.l.ConditionEvaluationReportLogger [main] 

Error starting ApplicationContext. To display the condition evaluation report re-run your application with 'debug' enabled.
2024-09-20 18:02:32,934 ERROR o.s.b.d.LoggingFailureAnalysisReporter [main] 

***************************
APPLICATION FAILED TO START
***************************

Description:

Parameter 0 of constructor in com.sguchatbot.backend.storage.FileSystemStorageService required a bean of type 'com.sguchatbot.backend.storage.StorageProperties' that could not be found.


Action:

Consider defining a bean of type 'com.sguchatbot.backend.storage.StorageProperties' in your configuration.

2024-09-20 18:04:17,807 INFO o.s.b.StartupInfoLogger [main] Starting BackendApplication using Java 21.0.4 with PID 17074 (/media/nam/Data/codeproj/sgu-chatbot-service/backend/target/classes started by nam in /media/nam/Data/codeproj/sgu-chatbot-service)
2024-09-20 18:04:17,808 INFO o.s.b.SpringApplication [main] No active profile set, falling back to 1 default profile: "default"
2024-09-20 18:04:18,112 INFO o.s.d.r.c.RepositoryConfigurationDelegate [main] Bootstrapping Spring Data MongoDB repositories in DEFAULT mode.
2024-09-20 18:04:18,135 INFO o.s.d.r.c.RepositoryConfigurationDelegate [main] Finished Spring Data repository scanning in 19 ms. Found 1 MongoDB repository interface.
2024-09-20 18:04:18,519 INFO o.s.b.w.e.t.TomcatWebServer [main] Tomcat initialized with port 8080 (http)
2024-09-20 18:04:18,525 INFO o.a.j.l.DirectJDKLog [main] Initializing ProtocolHandler ["http-nio-8080"]
2024-09-20 18:04:18,526 INFO o.a.j.l.DirectJDKLog [main] Starting service [Tomcat]
2024-09-20 18:04:18,527 INFO o.a.j.l.DirectJDKLog [main] Starting Servlet engine: [Apache Tomcat/10.1.28]
2024-09-20 18:04:18,552 INFO o.a.j.l.DirectJDKLog [main] Initializing Spring embedded WebApplicationContext
2024-09-20 18:04:18,552 INFO o.s.b.w.s.c.ServletWebServerApplicationContext [main] Root WebApplicationContext: initialization completed in 721 ms
2024-09-20 18:04:18,639 WARN o.s.c.s.AbstractApplicationContext [main] Exception encountered during context initialization - cancelling refresh attempt: org.springframework.beans.factory.UnsatisfiedDependencyException: Error creating bean with name 'fileUploadController' defined in file [/media/nam/Data/codeproj/sgu-chatbot-service/backend/target/classes/com/sguchatbot/backend/controller/FileUploadController.class]: Unsatisfied dependency expressed through constructor parameter 0: Error creating bean with name 'fileSystemStorageService' defined in file [/media/nam/Data/codeproj/sgu-chatbot-service/backend/target/classes/com/sguchatbot/backend/storage/FileSystemStorageService.class]: Unsatisfied dependency expressed through constructor parameter 0: No qualifying bean of type 'com.sguchatbot.backend.storage.StorageProperties' available: expected at least 1 bean which qualifies as autowire candidate. Dependency annotations: {}
2024-09-20 18:04:18,641 INFO o.a.j.l.DirectJDKLog [main] Stopping service [Tomcat]
2024-09-20 18:04:18,651 INFO o.s.b.a.l.ConditionEvaluationReportLogger [main] 

Error starting ApplicationContext. To display the condition evaluation report re-run your application with 'debug' enabled.
2024-09-20 18:04:18,662 ERROR o.s.b.d.LoggingFailureAnalysisReporter [main] 

***************************
APPLICATION FAILED TO START
***************************

Description:

Parameter 0 of constructor in com.sguchatbot.backend.storage.FileSystemStorageService required a bean of type 'com.sguchatbot.backend.storage.StorageProperties' that could not be found.


Action:

Consider defining a bean of type 'com.sguchatbot.backend.storage.StorageProperties' in your configuration.

2024-09-20 18:06:04,778 INFO o.s.b.StartupInfoLogger [main] Starting BackendApplication using Java 21.0.4 with PID 17475 (/media/nam/Data/codeproj/sgu-chatbot-service/backend/target/classes started by nam in /media/nam/Data/codeproj/sgu-chatbot-service)
2024-09-20 18:06:04,780 INFO o.s.b.SpringApplication [main] No active profile set, falling back to 1 default profile: "default"
2024-09-20 18:06:05,092 INFO o.s.d.r.c.RepositoryConfigurationDelegate [main] Bootstrapping Spring Data MongoDB repositories in DEFAULT mode.
2024-09-20 18:06:05,116 INFO o.s.d.r.c.RepositoryConfigurationDelegate [main] Finished Spring Data repository scanning in 21 ms. Found 1 MongoDB repository interface.
2024-09-20 18:06:05,501 INFO o.s.b.w.e.t.TomcatWebServer [main] Tomcat initialized with port 8080 (http)
2024-09-20 18:06:05,508 INFO o.a.j.l.DirectJDKLog [main] Initializing ProtocolHandler ["http-nio-8080"]
2024-09-20 18:06:05,510 INFO o.a.j.l.DirectJDKLog [main] Starting service [Tomcat]
2024-09-20 18:06:05,510 INFO o.a.j.l.DirectJDKLog [main] Starting Servlet engine: [Apache Tomcat/10.1.28]
2024-09-20 18:06:05,535 INFO o.a.j.l.DirectJDKLog [main] Initializing Spring embedded WebApplicationContext
2024-09-20 18:06:05,536 INFO o.s.b.w.s.c.ServletWebServerApplicationContext [main] Root WebApplicationContext: initialization completed in 732 ms
2024-09-20 18:06:05,625 WARN o.s.c.s.AbstractApplicationContext [main] Exception encountered during context initialization - cancelling refresh attempt: org.springframework.beans.factory.UnsatisfiedDependencyException: Error creating bean with name 'fileUploadController' defined in file [/media/nam/Data/codeproj/sgu-chatbot-service/backend/target/classes/com/sguchatbot/backend/controller/FileUploadController.class]: Unsatisfied dependency expressed through constructor parameter 0: Error creating bean with name 'fileSystemStorageService' defined in file [/media/nam/Data/codeproj/sgu-chatbot-service/backend/target/classes/com/sguchatbot/backend/storage/FileSystemStorageService.class]: Unsatisfied dependency expressed through constructor parameter 0: No qualifying bean of type 'com.sguchatbot.backend.storage.StorageProperties' available: expected at least 1 bean which qualifies as autowire candidate. Dependency annotations: {}
2024-09-20 18:06:05,626 INFO o.a.j.l.DirectJDKLog [main] Stopping service [Tomcat]
2024-09-20 18:06:05,638 INFO o.s.b.a.l.ConditionEvaluationReportLogger [main] 

Error starting ApplicationContext. To display the condition evaluation report re-run your application with 'debug' enabled.
2024-09-20 18:06:05,649 ERROR o.s.b.d.LoggingFailureAnalysisReporter [main] 

***************************
APPLICATION FAILED TO START
***************************

Description:

Parameter 0 of constructor in com.sguchatbot.backend.storage.FileSystemStorageService required a bean of type 'com.sguchatbot.backend.storage.StorageProperties' that could not be found.


Action:

Consider defining a bean of type 'com.sguchatbot.backend.storage.StorageProperties' in your configuration.

